-------------------------------------------------------------------------------
Test set: addressbook.AddressBookTest
-------------------------------------------------------------------------------
Tests run: 1, Failures: 1, Errors: 0, Skipped: 0, Time elapsed: 35.876 sec <<< FAILURE! - in addressbook.AddressBookTest
contextLoads(addressbook.AddressBookTest)  Time elapsed: 0.25 sec  <<< FAILURE!
java.lang.AssertionError: null
	at addressbook.AddressBookTest.contextLoads(AddressBookTest.java:13)

