<?xml version="1.0" encoding="UTF-8"?>
<testsuite name="addressbook.AddressBookTest" time="0.25" tests="1" errors="0" skipped="0" failures="1">
  <properties>
[...]
</properties>
  <testcase name="contextLoads" classname="addressbook.AddressBookTest" time="0.25">
    <failure type="java.lang.AssertionError:">java.lang.AssertionError: null
	at addressbook.AddressBookTest.contextLoads(AddressBookTest.java:13)
</failure>
    <system-out><![CDATA[09:10:54.252 [main] DEBUG org.springframework.test.context.junit4.SpringJUnit4ClassRunner - SpringJUnit4ClassRunner constructor called with [class addressbook.AddressBookTest]
09:10:54.283 [main] DEBUG org.springframework.test.context.BootstrapUtils - Instantiating CacheAwareContextLoaderDelegate from class [org.springframework.test.context.cache.DefaultCacheAwareContextLoaderDelegate]
09:10:54.330 [main] DEBUG org.springframework.test.context.BootstrapUtils - Instantiating BootstrapContext using constructor [public org.springframework.test.context.support.DefaultBootstrapContext(java.lang.Class,org.springframework.test.context.CacheAwareContextLoaderDelegate)]
09:10:54.392 [main] DEBUG org.springframework.test.context.BootstrapUtils - Instantiating TestContextBootstrapper for test class [addressbook.AddressBookTest] from class [org.springframework.boot.test.context.SpringBootTestContextBootstrapper]
09:10:54.486 [main] INFO org.springframework.boot.test.context.SpringBootTestContextBootstrapper - Neither @ContextConfiguration nor @ContextHierarchy found for test class [addressbook.AddressBookTest], using SpringBootContextLoader
09:10:54.501 [main] DEBUG org.springframework.test.context.support.AbstractContextLoader - Did not detect default resource location for test class [addressbook.AddressBookTest]: class path resource [addressbook/AddressBookTest-context.xml] does not exist
09:10:54.517 [main] DEBUG org.springframework.test.context.support.AbstractContextLoader - Did not detect default resource location for test class [addressbook.AddressBookTest]: class path resource [addressbook/AddressBookTestContext.groovy] does not exist
09:10:54.517 [main] INFO org.springframework.test.context.support.AbstractContextLoader - Could not detect default resource locations for test class [addressbook.AddressBookTest]: no resource found for suffixes {-context.xml, Context.groovy}.
09:10:54.517 [main] INFO org.springframework.test.context.support.AnnotationConfigContextLoaderUtils - Could not detect default configuration classes for test class [addressbook.AddressBookTest]: AddressBookTest does not declare any static, non-private, non-final, nested classes annotated with @Configuration.
09:10:54.704 [main] DEBUG org.springframework.test.context.support.ActiveProfilesUtils - Could not find an 'annotation declaring class' for annotation type [org.springframework.test.context.ActiveProfiles] and class [addressbook.AddressBookTest]
09:10:54.782 [main] DEBUG org.springframework.core.env.StandardEnvironment - Adding [systemProperties] PropertySource with lowest search precedence
09:10:54.782 [main] DEBUG org.springframework.core.env.StandardEnvironment - Adding [systemEnvironment] PropertySource with lowest search precedence
09:10:54.782 [main] DEBUG org.springframework.core.env.StandardEnvironment - Initialized StandardEnvironment with PropertySources [systemProperties,systemEnvironment]
09:10:54.845 [main] DEBUG org.springframework.core.io.support.PathMatchingResourcePatternResolver - Resolved classpath location [addressbook/] to resources [URL [file:/M:/untitled1/target/test-classes/addressbook/], URL [file:/M:/untitled1/target/classes/addressbook/]]
09:10:54.845 [main] DEBUG org.springframework.core.io.support.PathMatchingResourcePatternResolver - Looking for matching resources in directory tree [M:\untitled1\target\test-classes\addressbook]
09:10:54.845 [main] DEBUG org.springframework.core.io.support.PathMatchingResourcePatternResolver - Searching directory [M:\untitled1\target\test-classes\addressbook] for files matching pattern [M:/untitled1/target/test-classes/addressbook/*.class]
09:10:54.860 [main] DEBUG org.springframework.core.io.support.PathMatchingResourcePatternResolver - Looking for matching resources in directory tree [M:\untitled1\target\classes\addressbook]
09:10:54.860 [main] DEBUG org.springframework.core.io.support.PathMatchingResourcePatternResolver - Searching directory [M:\untitled1\target\classes\addressbook] for files matching pattern [M:/untitled1/target/classes/addressbook/*.class]
09:10:54.860 [main] DEBUG org.springframework.core.io.support.PathMatchingResourcePatternResolver - Resolved location pattern [classpath*:addressbook/*.class] to resources [file [M:\untitled1\target\test-classes\addressbook\AddressBookTest.class], file [M:\untitled1\target\classes\addressbook\AddressBook.class], file [M:\untitled1\target\classes\addressbook\AddressBookController.class], file [M:\untitled1\target\classes\addressbook\AddressBookRepository.class], file [M:\untitled1\target\classes\addressbook\Application.class], file [M:\untitled1\target\classes\addressbook\BuddyInfo.class], file [M:\untitled1\target\classes\addressbook\BuddyInfoRepository.class]]
09:10:55.128 [main] DEBUG org.springframework.context.annotation.ClassPathScanningCandidateComponentProvider - Identified candidate component class: file [M:\untitled1\target\classes\addressbook\Application.class]
09:10:55.143 [main] INFO org.springframework.boot.test.context.SpringBootTestContextBootstrapper - Found @SpringBootConfiguration addressbook.Application for test class addressbook.AddressBookTest
09:10:55.175 [main] DEBUG org.springframework.boot.test.context.SpringBootTestContextBootstrapper - @TestExecutionListeners is not present for class [addressbook.AddressBookTest]: using defaults.
09:10:55.175 [main] INFO org.springframework.boot.test.context.SpringBootTestContextBootstrapper - Loaded default TestExecutionListener class names from location [META-INF/spring.factories]: [org.springframework.boot.test.mock.mockito.MockitoTestExecutionListener, org.springframework.boot.test.mock.mockito.ResetMocksTestExecutionListener, org.springframework.boot.test.autoconfigure.restdocs.RestDocsTestExecutionListener, org.springframework.boot.test.autoconfigure.web.client.MockRestServiceServerResetTestExecutionListener, org.springframework.boot.test.autoconfigure.web.servlet.MockMvcPrintOnlyOnFailureTestExecutionListener, org.springframework.boot.test.autoconfigure.web.servlet.WebDriverTestExecutionListener, org.springframework.test.context.web.ServletTestExecutionListener, org.springframework.test.context.support.DirtiesContextBeforeModesTestExecutionListener, org.springframework.test.context.support.DependencyInjectionTestExecutionListener, org.springframework.test.context.support.DirtiesContextTestExecutionListener, org.springframework.test.context.transaction.TransactionalTestExecutionListener, org.springframework.test.context.jdbc.SqlScriptsTestExecutionListener]
09:10:55.315 [main] INFO org.springframework.boot.test.context.SpringBootTestContextBootstrapper - Using TestExecutionListeners: [org.springframework.test.context.web.ServletTestExecutionListener@6166e06f, org.springframework.test.context.support.DirtiesContextBeforeModesTestExecutionListener@49e202ad, org.springframework.boot.test.autoconfigure.SpringBootDependencyInjectionTestExecutionListener@1c72da34, org.springframework.test.context.support.DirtiesContextTestExecutionListener@6b0c2d26, org.springframework.test.context.transaction.TransactionalTestExecutionListener@3d3fcdb0, org.springframework.test.context.jdbc.SqlScriptsTestExecutionListener@641147d0, org.springframework.boot.test.autoconfigure.web.servlet.MockMvcPrintOnlyOnFailureTestExecutionListener@6e38921c, org.springframework.boot.test.autoconfigure.web.servlet.WebDriverTestExecutionListener@64d7f7e0, org.springframework.boot.test.autoconfigure.web.client.MockRestServiceServerResetTestExecutionListener@27c6e487, org.springframework.boot.test.mock.mockito.ResetMocksTestExecutionListener@49070868, org.springframework.boot.test.autoconfigure.restdocs.RestDocsTestExecutionListener@6385cb26, org.springframework.boot.test.mock.mockito.MockitoTestExecutionListener@38364841]
09:10:55.331 [main] DEBUG org.springframework.test.annotation.ProfileValueUtils - Retrieved @ProfileValueSourceConfiguration [null] for test class [addressbook.AddressBookTest]
09:10:55.331 [main] DEBUG org.springframework.test.annotation.ProfileValueUtils - Retrieved ProfileValueSource type [class org.springframework.test.annotation.SystemProfileValueSource] for class [addressbook.AddressBookTest]
09:10:55.346 [main] DEBUG org.springframework.test.context.junit4.SpringJUnit4ClassRunner - SpringJUnit4ClassRunner constructor called with [class addressbook.AddressBookTest]
09:10:55.346 [main] DEBUG org.springframework.test.context.BootstrapUtils - Instantiating CacheAwareContextLoaderDelegate from class [org.springframework.test.context.cache.DefaultCacheAwareContextLoaderDelegate]
09:10:55.346 [main] DEBUG org.springframework.test.context.BootstrapUtils - Instantiating BootstrapContext using constructor [public org.springframework.test.context.support.DefaultBootstrapContext(java.lang.Class,org.springframework.test.context.CacheAwareContextLoaderDelegate)]
09:10:55.346 [main] DEBUG org.springframework.test.context.BootstrapUtils - Instantiating TestContextBootstrapper for test class [addressbook.AddressBookTest] from class [org.springframework.boot.test.context.SpringBootTestContextBootstrapper]
09:10:55.346 [main] INFO org.springframework.boot.test.context.SpringBootTestContextBootstrapper - Neither @ContextConfiguration nor @ContextHierarchy found for test class [addressbook.AddressBookTest], using SpringBootContextLoader
09:10:55.346 [main] DEBUG org.springframework.test.context.support.AbstractContextLoader - Did not detect default resource location for test class [addressbook.AddressBookTest]: class path resource [addressbook/AddressBookTest-context.xml] does not exist
09:10:55.346 [main] DEBUG org.springframework.test.context.support.AbstractContextLoader - Did not detect default resource location for test class [addressbook.AddressBookTest]: class path resource [addressbook/AddressBookTestContext.groovy] does not exist
09:10:55.346 [main] INFO org.springframework.test.context.support.AbstractContextLoader - Could not detect default resource locations for test class [addressbook.AddressBookTest]: no resource found for suffixes {-context.xml, Context.groovy}.
09:10:55.346 [main] INFO org.springframework.test.context.support.AnnotationConfigContextLoaderUtils - Could not detect default configuration classes for test class [addressbook.AddressBookTest]: AddressBookTest does not declare any static, non-private, non-final, nested classes annotated with @Configuration.
09:10:55.362 [main] DEBUG org.springframework.test.context.support.ActiveProfilesUtils - Could not find an 'annotation declaring class' for annotation type [org.springframework.test.context.ActiveProfiles] and class [addressbook.AddressBookTest]
09:10:55.362 [main] DEBUG org.springframework.core.env.StandardEnvironment - Adding [systemProperties] PropertySource with lowest search precedence
09:10:55.362 [main] DEBUG org.springframework.core.env.StandardEnvironment - Adding [systemEnvironment] PropertySource with lowest search precedence
09:10:55.362 [main] DEBUG org.springframework.core.env.StandardEnvironment - Initialized StandardEnvironment with PropertySources [systemProperties,systemEnvironment]
09:10:55.362 [main] INFO org.springframework.boot.test.context.SpringBootTestContextBootstrapper - Found @SpringBootConfiguration addressbook.Application for test class addressbook.AddressBookTest
09:10:55.362 [main] DEBUG org.springframework.boot.test.context.SpringBootTestContextBootstrapper - @TestExecutionListeners is not present for class [addressbook.AddressBookTest]: using defaults.
09:10:55.362 [main] INFO org.springframework.boot.test.context.SpringBootTestContextBootstrapper - Loaded default TestExecutionListener class names from location [META-INF/spring.factories]: [org.springframework.boot.test.mock.mockito.MockitoTestExecutionListener, org.springframework.boot.test.mock.mockito.ResetMocksTestExecutionListener, org.springframework.boot.test.autoconfigure.restdocs.RestDocsTestExecutionListener, org.springframework.boot.test.autoconfigure.web.client.MockRestServiceServerResetTestExecutionListener, org.springframework.boot.test.autoconfigure.web.servlet.MockMvcPrintOnlyOnFailureTestExecutionListener, org.springframework.boot.test.autoconfigure.web.servlet.WebDriverTestExecutionListener, org.springframework.test.context.web.ServletTestExecutionListener, org.springframework.test.context.support.DirtiesContextBeforeModesTestExecutionListener, org.springframework.test.context.support.DependencyInjectionTestExecutionListener, org.springframework.test.context.support.DirtiesContextTestExecutionListener, org.springframework.test.context.transaction.TransactionalTestExecutionListener, org.springframework.test.context.jdbc.SqlScriptsTestExecutionListener]
09:10:55.362 [main] INFO org.springframework.boot.test.context.SpringBootTestContextBootstrapper - Using TestExecutionListeners: [org.springframework.test.context.web.ServletTestExecutionListener@667a738, org.springframework.test.context.support.DirtiesContextBeforeModesTestExecutionListener@36f0f1be, org.springframework.boot.test.autoconfigure.SpringBootDependencyInjectionTestExecutionListener@157632c9, org.springframework.test.context.support.DirtiesContextTestExecutionListener@6ee12bac, org.springframework.test.context.transaction.TransactionalTestExecutionListener@55040f2f, org.springframework.test.context.jdbc.SqlScriptsTestExecutionListener@64c87930, org.springframework.boot.test.autoconfigure.web.servlet.MockMvcPrintOnlyOnFailureTestExecutionListener@400cff1a, org.springframework.boot.test.autoconfigure.web.servlet.WebDriverTestExecutionListener@275710fc, org.springframework.boot.test.autoconfigure.web.client.MockRestServiceServerResetTestExecutionListener@525f1e4e, org.springframework.boot.test.mock.mockito.ResetMocksTestExecutionListener@75f9eccc, org.springframework.boot.test.autoconfigure.restdocs.RestDocsTestExecutionListener@52aa2946, org.springframework.boot.test.mock.mockito.MockitoTestExecutionListener@4de5031f]
09:10:55.362 [main] DEBUG org.springframework.test.annotation.ProfileValueUtils - Retrieved @ProfileValueSourceConfiguration [null] for test class [addressbook.AddressBookTest]
09:10:55.362 [main] DEBUG org.springframework.test.annotation.ProfileValueUtils - Retrieved ProfileValueSource type [class org.springframework.test.annotation.SystemProfileValueSource] for class [addressbook.AddressBookTest]
09:10:55.377 [main] DEBUG org.springframework.test.annotation.ProfileValueUtils - Retrieved @ProfileValueSourceConfiguration [null] for test class [addressbook.AddressBookTest]
09:10:55.377 [main] DEBUG org.springframework.test.annotation.ProfileValueUtils - Retrieved ProfileValueSource type [class org.springframework.test.annotation.SystemProfileValueSource] for class [addressbook.AddressBookTest]
09:10:56.516 [main] DEBUG org.springframework.test.context.support.AbstractDirtiesContextTestExecutionListener - Before test class: context [DefaultTestContext@1b083826 testClass = AddressBookTest, testInstance = [null], testMethod = [null], testException = [null], mergedContextConfiguration = [WebMergedContextConfiguration@105fece7 testClass = AddressBookTest, locations = '{}', classes = '{class addressbook.Application}', contextInitializerClasses = '[]', activeProfiles = '{}', propertySourceLocations = '{}', propertySourceProperties = '{org.springframework.boot.test.context.SpringBootTestContextBootstrapper=true}', contextCustomizers = set[org.springframework.boot.test.context.SpringBootTestContextCustomizer@6f1fba17, org.springframework.boot.test.context.filter.ExcludeFilterContextCustomizer@335eadca, org.springframework.boot.test.mock.mockito.MockitoContextCustomizer@0, org.springframework.boot.test.autoconfigure.properties.PropertyMappingContextCustomizer@0, org.springframework.boot.test.autoconfigure.web.servlet.WebDriverContextCustomizerFactory$Customizer@6e6c3152], resourceBasePath = 'src/main/webapp', contextLoader = 'org.springframework.boot.test.context.SpringBootContextLoader', parent = [null]]], class annotated with @DirtiesContext [false] with mode [null].
09:10:57.234 [main] DEBUG org.springframework.test.annotation.ProfileValueUtils - Retrieved @ProfileValueSourceConfiguration [null] for test class [addressbook.AddressBookTest]
09:10:57.234 [main] DEBUG org.springframework.test.annotation.ProfileValueUtils - Retrieved ProfileValueSource type [class org.springframework.test.annotation.SystemProfileValueSource] for class [addressbook.AddressBookTest]
09:10:57.702 [main] DEBUG org.springframework.core.env.StandardEnvironment - Adding [systemProperties] PropertySource with lowest search precedence
09:10:57.702 [main] DEBUG org.springframework.core.env.StandardEnvironment - Adding [systemEnvironment] PropertySource with lowest search precedence
09:10:57.702 [main] DEBUG org.springframework.core.env.StandardEnvironment - Initialized StandardEnvironment with PropertySources [systemProperties,systemEnvironment]
09:10:57.702 [main] DEBUG org.springframework.core.env.MutablePropertySources - Adding [inline] PropertySource with highest search precedence
09:10:57.749 [main] DEBUG org.springframework.test.context.support.TestPropertySourceUtils - Adding inlined properties to environment: {spring.jmx.enabled=false, org.springframework.boot.test.context.SpringBootTestContextBootstrapper=true, server.port=-1}
09:10:57.749 [main] DEBUG org.springframework.core.env.StandardEnvironment - Adding [Inlined Test Properties] PropertySource with highest search precedence

  .   ____          _            __ _ _
 /\\ / ___'_ __ _ _(_)_ __  __ _ \ \ \ \
( ( )\___ | '_ | '_| | '_ \/ _` | \ \ \ \
 \\/  ___)| |_)| | | | | || (_| |  ) ) ) )
  '  |____| .__|_| |_|_| |_\__, | / / / /
 =========|_|==============|___/=/_/_/_/
 :: Spring Boot ::        (v1.5.1.RELEASE)

2017-02-09 09:10:59.451  INFO 5004 --- [           main] addressbook.AddressBookTest              : Starting AddressBookTest on cb5109-29 with PID 5004 (started by richardcarson3 in M:\untitled1)
2017-02-09 09:10:59.451  INFO 5004 --- [           main] addressbook.AddressBookTest              : No active profile set, falling back to default profiles: default
2017-02-09 09:10:59.685  INFO 5004 --- [           main] o.s.w.c.s.GenericWebApplicationContext   : Refreshing org.springframework.web.context.support.GenericWebApplicationContext@10163d6: startup date [Thu Feb 09 09:10:59 EST 2017]; root of context hierarchy
2017-02-09 09:11:05.862  INFO 5004 --- [           main] o.s.b.f.s.DefaultListableBeanFactory     : Overriding bean definition for bean 'httpRequestHandlerAdapter' with a different definition: replacing [Root bean: class [null]; scope=; abstract=false; lazyInit=false; autowireMode=3; dependencyCheck=0; autowireCandidate=true; primary=false; factoryBeanName=org.springframework.boot.autoconfigure.web.WebMvcAutoConfiguration$EnableWebMvcConfiguration; factoryMethodName=httpRequestHandlerAdapter; initMethodName=null; destroyMethodName=(inferred); defined in class path resource [org/springframework/boot/autoconfigure/web/WebMvcAutoConfiguration$EnableWebMvcConfiguration.class]] with [Root bean: class [null]; scope=; abstract=false; lazyInit=false; autowireMode=3; dependencyCheck=0; autowireCandidate=true; primary=false; factoryBeanName=org.springframework.data.rest.webmvc.config.RepositoryRestMvcConfiguration; factoryMethodName=httpRequestHandlerAdapter; initMethodName=null; destroyMethodName=(inferred); defined in class path resource [org/springframework/data/rest/webmvc/config/RepositoryRestMvcConfiguration.class]]
2017-02-09 09:11:08.002  INFO 5004 --- [           main] trationDelegate$BeanPostProcessorChecker : Bean 'org.springframework.boot.autoconfigure.validation.ValidationAutoConfiguration' of type [class org.springframework.boot.autoconfigure.validation.ValidationAutoConfiguration] is not eligible for getting processed by all BeanPostProcessors (for example: not eligible for auto-proxying)
2017-02-09 09:11:08.828  INFO 5004 --- [           main] trationDelegate$BeanPostProcessorChecker : Bean 'validator' of type [class org.springframework.validation.beanvalidation.LocalValidatorFactoryBean] is not eligible for getting processed by all BeanPostProcessors (for example: not eligible for auto-proxying)
2017-02-09 09:11:08.969  INFO 5004 --- [           main] trationDelegate$BeanPostProcessorChecker : Bean 'org.springframework.transaction.annotation.ProxyTransactionManagementConfiguration' of type [class org.springframework.transaction.annotation.ProxyTransactionManagementConfiguration$$EnhancerBySpringCGLIB$$a6313158] is not eligible for getting processed by all BeanPostProcessors (for example: not eligible for auto-proxying)
2017-02-09 09:11:11.870  INFO 5004 --- [           main] j.LocalContainerEntityManagerFactoryBean : Building JPA container EntityManagerFactory for persistence unit 'default'
2017-02-09 09:11:11.948  INFO 5004 --- [           main] o.hibernate.jpa.internal.util.LogHelper  : HHH000204: Processing PersistenceUnitInfo [
	name: default
	...]
2017-02-09 09:11:12.666  INFO 5004 --- [           main] org.hibernate.Version                    : HHH000412: Hibernate Core {5.0.11.Final}
2017-02-09 09:11:12.697  INFO 5004 --- [   